[ 16%] [32mBuilding CXX object CMakeFiles/simple_controller.dir/src/simple_controller.cpp.o[0m
[ 50%] Built target slider_control
[01m[K/home/jeulin/Robotics-and-ROS-2-Learn-by-Doing-Manipulators/Section9_Build/arduinobot_ws/src/arduinobot_controller/src/simple_controller.cpp:3:12:[m[K [01;31m[Kerror: [m[Kâ€˜[01m[Kstd::placeholders[m[Kâ€™ has not been declared
    3 | using std::[01;31m[Kplaceholders[m[K::_1;
      |            [01;31m[K^~~~~~~~~~~~[m[K
[01m[K/home/jeulin/Robotics-and-ROS-2-Learn-by-Doing-Manipulators/Section9_Build/arduinobot_ws/src/arduinobot_controller/src/simple_controller.cpp:6:1:[m[K [01;31m[Kerror: [m[Kâ€˜[01m[KSimpleController[m[Kâ€™ does not name a type
    6 | [01;31m[KSimpleController[m[K::SimpleController(const std::string& name)
      | [01;31m[K^~~~~~~~~~~~~~~~[m[K
[01m[K/home/jeulin/Robotics-and-ROS-2-Learn-by-Doing-Manipulators/Section9_Build/arduinobot_ws/src/arduinobot_controller/src/simple_controller.cpp:15:6:[m[K [01;31m[Kerror: [m[Kâ€˜[01m[KSimpleController[m[Kâ€™ has not been declared
   15 | void [01;31m[KSimpleController[m[K::velCallback(const geometry_msgs::msg::TwistStamped &msg)
      |      [01;31m[K^~~~~~~~~~~~~~~~[m[K
[01m[K/home/jeulin/Robotics-and-ROS-2-Learn-by-Doing-Manipulators/Section9_Build/arduinobot_ws/src/arduinobot_controller/src/simple_controller.cpp:15:42:[m[K [01;31m[Kerror: [m[Kâ€˜[01m[Kgeometry_msgs[m[Kâ€™ does not name a type
   15 | void SimpleController::velCallback(const [01;31m[Kgeometry_msgs[m[K::msg::TwistStamped &msg)
      |                                          [01;31m[K^~~~~~~~~~~~~[m[K
[01m[K/home/jeulin/Robotics-and-ROS-2-Learn-by-Doing-Manipulators/Section9_Build/arduinobot_ws/src/arduinobot_controller/src/simple_controller.cpp:15:60:[m[K [01;31m[Kerror: [m[Kexpected unqualified-id before â€˜[01m[K::[m[Kâ€™ token
   15 | void SimpleController::velCallback(const geometry_msgs::msg[01;31m[K::[m[KTwistStamped &msg)
      |                                                            [01;31m[K^~[m[K
[01m[K/home/jeulin/Robotics-and-ROS-2-Learn-by-Doing-Manipulators/Section9_Build/arduinobot_ws/src/arduinobot_controller/src/simple_controller.cpp:15:60:[m[K [01;31m[Kerror: [m[Kexpected â€˜[01m[K)[m[Kâ€™ before â€˜[01m[K::[m[Kâ€™ token
   15 | void SimpleController::velCallback[34m[K([m[Kconst geometry_msgs::msg[01;31m[K:[m[K[32m[K:[m[KTwistStamped &msg)
      |                                   [34m[K~[m[K                        [01;31m[K^[m[K[32m[K~[m[K
      |                                                            [32m[K)[m[K
[01m[K/home/jeulin/Robotics-and-ROS-2-Learn-by-Doing-Manipulators/Section9_Build/arduinobot_ws/src/arduinobot_controller/src/simple_controller.cpp:15:60:[m[K [01;31m[Kerror: [m[Kexpected initializer before â€˜[01m[K::[m[Kâ€™ token
   15 | void SimpleController::velCallback(const geometry_msgs::msg[01;31m[K::[m[KTwistStamped &msg)
      |                                                            [01;31m[K^~[m[K
[01m[K/home/jeulin/Robotics-and-ROS-2-Learn-by-Doing-Manipulators/Section9_Build/arduinobot_ws/src/arduinobot_controller/src/simple_controller.cpp:[m[K In function â€˜[01m[Kint[01;32m[K main[m[K(int, char**)[m[Kâ€™:
[01m[K/home/jeulin/Robotics-and-ROS-2-Learn-by-Doing-Manipulators/Section9_Build/arduinobot_ws/src/arduinobot_controller/src/simple_controller.cpp:24:3:[m[K [01;31m[Kerror: [m[Kâ€˜[01m[Krclcpp[m[Kâ€™ has not been declared
   24 |   [01;31m[Krclcpp[m[K::init(argc, argv);
      |   [01;31m[K^~~~~~[m[K
[01m[K/home/jeulin/Robotics-and-ROS-2-Learn-by-Doing-Manipulators/Section9_Build/arduinobot_ws/src/arduinobot_controller/src/simple_controller.cpp:25:20:[m[K [01;31m[Kerror: [m[Kâ€˜[01m[Kmake_shared[m[Kâ€™ is not a member of â€˜[01m[Kstd[m[Kâ€™
   25 |   auto node = std::[01;31m[Kmake_shared[m[K<SimpleController>("simple_controller");
      |                    [01;31m[K^~~~~~~~~~~[m[K
[01m[K/home/jeulin/Robotics-and-ROS-2-Learn-by-Doing-Manipulators/Section9_Build/arduinobot_ws/src/arduinobot_controller/src/simple_controller.cpp:2:1:[m[K [01;36m[Knote: [m[Kâ€˜[01m[Kstd::make_shared[m[Kâ€™ is defined in header â€˜[01m[K<memory>[m[Kâ€™; did you forget to â€˜[01m[K#include <memory>[m[Kâ€™?
    1 | #include "arduinobot_controller/simple_controller.hpp"
  +++ |+[32m[K#include <memory>[m[K
    2 | 
[01m[K/home/jeulin/Robotics-and-ROS-2-Learn-by-Doing-Manipulators/Section9_Build/arduinobot_ws/src/arduinobot_controller/src/simple_controller.cpp:25:32:[m[K [01;31m[Kerror: [m[Kâ€˜[01m[KSimpleController[m[Kâ€™ was not declared in this scope
   25 |   auto node = std::make_shared<[01;31m[KSimpleController[m[K>("simple_controller");
      |                                [01;31m[K^~~~~~~~~~~~~~~~[m[K
[01m[K/home/jeulin/Robotics-and-ROS-2-Learn-by-Doing-Manipulators/Section9_Build/arduinobot_ws/src/arduinobot_controller/src/simple_controller.cpp:26:3:[m[K [01;31m[Kerror: [m[Kâ€˜[01m[Krclcpp[m[Kâ€™ has not been declared
   26 |   [01;31m[Krclcpp[m[K::spin(node);
      |   [01;31m[K^~~~~~[m[K
[01m[K/home/jeulin/Robotics-and-ROS-2-Learn-by-Doing-Manipulators/Section9_Build/arduinobot_ws/src/arduinobot_controller/src/simple_controller.cpp:27:3:[m[K [01;31m[Kerror: [m[Kâ€˜[01m[Krclcpp[m[Kâ€™ has not been declared
   27 |   [01;31m[Krclcpp[m[K::shutdown();
      |   [01;31m[K^~~~~~[m[K
gmake[2]: *** [CMakeFiles/simple_controller.dir/build.make:76: CMakeFiles/simple_controller.dir/src/simple_controller.cpp.o] Error 1
gmake[1]: *** [CMakeFiles/Makefile2:170: CMakeFiles/simple_controller.dir/all] Error 2
gmake[1]: *** Waiting for unfinished jobs....
[ 50%] Built target ament_cmake_python_copy_arduinobot_controller
[ 83%] Built target arduinobot_controller
gmake: *** [Makefile:146: all] Error 2
